2018-05-01 13:15:24,526 Lagou_Main.py [line:134] INFO:CSV文件创建成功，文件名路径为./data/人工智能/机器视觉.csv
2018-05-01 13:15:25,049 Lagou_Main.py [line:59] INFO:算法工程师共有301页记录, 共约4515条记录
2018-05-01 13:18:24,696 Lagou_Main.py [line:134] INFO:CSV文件创建成功，文件名路径为./data/人工智能/算法工程师.csv
2018-05-01 13:18:25,216 Lagou_Main.py [line:59] INFO:深度学习共有97页记录, 共约1455条记录
2018-05-01 13:19:01,554 Lagou_Main.py [line:134] INFO:CSV文件创建成功，文件名路径为./data/人工智能/深度学习.csv
2018-05-01 13:19:02,031 Lagou_Main.py [line:59] INFO:图像识别共有5页记录, 共约75条记录
2018-05-01 13:19:04,045 Lagou_Main.py [line:134] INFO:CSV文件创建成功，文件名路径为./data/人工智能/图像识别.csv
2018-05-01 13:19:04,443 Lagou_Main.py [line:59] INFO:图像处理共有10页记录, 共约150条记录
2018-05-01 13:19:09,362 Lagou_Main.py [line:134] INFO:CSV文件创建成功，文件名路径为./data/人工智能/图像处理.csv
2018-05-01 13:19:09,818 Lagou_Main.py [line:59] INFO:机器学习共有51页记录, 共约765条记录
2018-05-01 13:19:39,100 Lagou_Main.py [line:134] INFO:CSV文件创建成功，文件名路径为./data/人工智能/机器学习.csv
2018-05-01 13:19:39,550 Lagou_Main.py [line:59] INFO:语音识别共有28页记录, 共约420条记录
2018-05-01 13:19:54,357 Lagou_Main.py [line:134] INFO:CSV文件创建成功，文件名路径为./data/人工智能/语音识别.csv
2018-05-01 13:19:54,757 Lagou_Main.py [line:59] INFO:自然语言处理共有46页记录, 共约690条记录
2018-05-01 13:20:16,857 Lagou_Main.py [line:134] INFO:CSV文件创建成功，文件名路径为./data/人工智能/自然语言处理.csv
2018-05-01 13:20:17,342 Lagou_Main.py [line:59] INFO:HTML5共有28页记录, 共约420条记录
2018-05-01 13:20:32,297 Lagou_Main.py [line:134] INFO:CSV文件创建成功，文件名路径为./data/移动开发/HTML5.csv
2018-05-01 13:20:32,930 Lagou_Main.py [line:59] INFO:Android共有378页记录, 共约5670条记录
2018-05-01 13:20:58,444 Lagou_Main.py [line:90] ERROR:error in Android at page :43
-----------------------------
2018-05-01 13:20:58,444 Lagou_Main.py [line:92] ERROR:Traceback (most recent call last):
  File ".\Lagou_Main.py", line 66, in crawl_jobs
    for each_item in response.json()['content']['positionResult']['result']:#通过分析Ajax返回的JSON数据进行筛选
  File "E:\python36\lib\site-packages\requests\models.py", line 892, in json
    return complexjson.loads(self.text, **kwargs)
  File "E:\python36\lib\site-packages\simplejson\__init__.py", line 518, in loads
    return _default_decoder.decode(s)
  File "E:\python36\lib\site-packages\simplejson\decoder.py", line 370, in decode
    obj, end = self.raw_decode(s)
  File "E:\python36\lib\site-packages\simplejson\decoder.py", line 400, in raw_decode
    return self.scan_once(s, idx=_w(s, idx).end())
simplejson.errors.JSONDecodeError: Expecting value: line 1 column 1 (char 0)

2018-05-01 13:20:58,452 Lagou_Main.py [line:134] INFO:CSV文件创建成功，文件名路径为./data/移动开发/Android.csv
2018-05-01 13:20:58,904 Lagou_Main.py [line:59] INFO:iOS共有273页记录, 共约4095条记录
2018-05-01 13:23:43,871 Lagou_Main.py [line:134] INFO:CSV文件创建成功，文件名路径为./data/移动开发/iOS.csv
2018-05-01 13:23:44,120 Lagou_Main.py [line:59] INFO:WP共有1页记录, 共约15条记录
2018-05-01 13:23:44,605 Lagou_Main.py [line:134] INFO:CSV文件创建成功，文件名路径为./data/移动开发/WP.csv
2018-05-01 13:23:45,029 Lagou_Main.py [line:59] INFO:移动开发其它共有7页记录, 共约105条记录
2018-05-01 13:23:47,897 Lagou_Main.py [line:134] INFO:CSV文件创建成功，文件名路径为./data/移动开发/移动开发其它.csv
2018-05-01 13:23:48,442 Lagou_Main.py [line:59] INFO:web前端共有937页记录, 共约14055条记录
2018-05-01 13:25:14,740 Lagou_Main.py [line:90] ERROR:error in web前端 at page :131
-----------------------------
2018-05-01 13:25:14,742 Lagou_Main.py [line:92] ERROR:Traceback (most recent call last):
  File ".\Lagou_Main.py", line 66, in crawl_jobs
    for each_item in response.json()['content']['positionResult']['result']:#通过分析Ajax返回的JSON数据进行筛选
  File "E:\python36\lib\site-packages\requests\models.py", line 892, in json
    return complexjson.loads(self.text, **kwargs)
  File "E:\python36\lib\site-packages\simplejson\__init__.py", line 518, in loads
    return _default_decoder.decode(s)
  File "E:\python36\lib\site-packages\simplejson\decoder.py", line 370, in decode
    obj, end = self.raw_decode(s)
  File "E:\python36\lib\site-packages\simplejson\decoder.py", line 400, in raw_decode
    return self.scan_once(s, idx=_w(s, idx).end())
simplejson.errors.JSONDecodeError: Expecting value: line 1 column 1 (char 0)

2018-05-01 13:25:14,751 Lagou_Main.py [line:134] INFO:CSV文件创建成功，文件名路径为./data/前端开发/web前端.csv
2018-05-01 13:25:15,146 Lagou_Main.py [line:59] INFO:Flash共有7页记录, 共约105条记录
2018-05-01 13:25:17,790 Lagou_Main.py [line:134] INFO:CSV文件创建成功，文件名路径为./data/前端开发/Flash.csv
2018-05-01 13:25:18,946 Lagou_Main.py [line:59] INFO:html5共有28页记录, 共约420条记录
2018-05-01 13:25:32,898 Lagou_Main.py [line:134] INFO:CSV文件创建成功，文件名路径为./data/前端开发/html5.csv
2018-05-01 13:25:33,319 Lagou_Main.py [line:59] INFO:JavaScript共有19页记录, 共约285条记录
2018-05-01 13:25:41,186 Lagou_Main.py [line:134] INFO:CSV文件创建成功，文件名路径为./data/前端开发/JavaScript.csv
2018-05-01 13:25:41,803 Lagou_Main.py [line:59] INFO:U3D共有61页记录, 共约915条记录
2018-05-01 13:26:11,969 Lagou_Main.py [line:134] INFO:CSV文件创建成功，文件名路径为./data/前端开发/U3D.csv
2018-05-01 13:26:12,424 Lagou_Main.py [line:59] INFO:COCOS2D-X共有29页记录, 共约435条记录
2018-05-01 13:26:22,850 Lagou_Main.py [line:90] ERROR:error in COCOS2D-X at page :22
-----------------------------
2018-05-01 13:26:22,851 Lagou_Main.py [line:92] ERROR:Traceback (most recent call last):
  File ".\Lagou_Main.py", line 66, in crawl_jobs
    for each_item in response.json()['content']['positionResult']['result']:#通过分析Ajax返回的JSON数据进行筛选
  File "E:\python36\lib\site-packages\requests\models.py", line 892, in json
    return complexjson.loads(self.text, **kwargs)
  File "E:\python36\lib\site-packages\simplejson\__init__.py", line 518, in loads
    return _default_decoder.decode(s)
  File "E:\python36\lib\site-packages\simplejson\decoder.py", line 370, in decode
    obj, end = self.raw_decode(s)
  File "E:\python36\lib\site-packages\simplejson\decoder.py", line 400, in raw_decode
    return self.scan_once(s, idx=_w(s, idx).end())
simplejson.errors.JSONDecodeError: Expecting value: line 1 column 1 (char 0)

2018-05-01 13:26:22,864 Lagou_Main.py [line:134] INFO:CSV文件创建成功，文件名路径为./data/前端开发/COCOS2D-X.csv
2018-05-01 13:26:23,440 Lagou_Main.py [line:59] INFO:前端开发其它共有509页记录, 共约7635条记录
2018-05-01 13:31:11,484 Lagou_Main.py [line:134] INFO:CSV文件创建成功，文件名路径为./data/前端开发/前端开发其它.csv
2018-05-01 13:31:12,061 Lagou_Main.py [line:59] INFO:Java共有1282页记录, 共约19230条记录
2018-05-01 13:38:51,335 Lagou_Main.py [line:90] ERROR:error in Java at page :892
-----------------------------
2018-05-01 13:38:51,336 Lagou_Main.py [line:92] ERROR:Traceback (most recent call last):
  File ".\Lagou_Main.py", line 66, in crawl_jobs
    for each_item in response.json()['content']['positionResult']['result']:#通过分析Ajax返回的JSON数据进行筛选
  File "E:\python36\lib\site-packages\requests\models.py", line 892, in json
    return complexjson.loads(self.text, **kwargs)
  File "E:\python36\lib\site-packages\simplejson\__init__.py", line 518, in loads
    return _default_decoder.decode(s)
  File "E:\python36\lib\site-packages\simplejson\decoder.py", line 370, in decode
    obj, end = self.raw_decode(s)
  File "E:\python36\lib\site-packages\simplejson\decoder.py", line 400, in raw_decode
    return self.scan_once(s, idx=_w(s, idx).end())
simplejson.errors.JSONDecodeError: Expecting value: line 1 column 1 (char 0)

2018-05-01 13:38:51,352 Lagou_Main.py [line:134] INFO:CSV文件创建成功，文件名路径为./data/后端开发/Java.csv
2018-05-01 13:38:51,866 Lagou_Main.py [line:59] INFO:C++共有228页记录, 共约3420条记录
2018-05-01 13:39:08,683 Lagou_Main.py [line:90] ERROR:error in C++ at page :28
-----------------------------
2018-05-01 13:39:08,684 Lagou_Main.py [line:92] ERROR:Traceback (most recent call last):
  File ".\Lagou_Main.py", line 66, in crawl_jobs
    for each_item in response.json()['content']['positionResult']['result']:#通过分析Ajax返回的JSON数据进行筛选
  File "E:\python36\lib\site-packages\requests\models.py", line 892, in json
    return complexjson.loads(self.text, **kwargs)
  File "E:\python36\lib\site-packages\simplejson\__init__.py", line 518, in loads
    return _default_decoder.decode(s)
  File "E:\python36\lib\site-packages\simplejson\decoder.py", line 370, in decode
    obj, end = self.raw_decode(s)
  File "E:\python36\lib\site-packages\simplejson\decoder.py", line 400, in raw_decode
    return self.scan_once(s, idx=_w(s, idx).end())
simplejson.errors.JSONDecodeError: Expecting value: line 1 column 1 (char 0)

2018-05-01 13:39:08,690 Lagou_Main.py [line:134] INFO:CSV文件创建成功，文件名路径为./data/后端开发/C++.csv
2018-05-01 13:39:09,211 Lagou_Main.py [line:59] INFO:PHP共有389页记录, 共约5835条记录
2018-05-01 20:30:13,607 Lagou_Main.py [line:59] INFO:数据挖掘共有77页记录, 共约1155条记录
2018-05-01 20:30:33,220 Lagou_Main.py [line:59] INFO:PHP共有389页记录, 共约5835条记录
2018-05-01 20:30:34,612 Lagou_Main.py [line:90] ERROR:error in PHP at page :3

2018-05-01 20:30:34,669 Lagou_Main.py [line:92] ERROR:Traceback (most recent call last):
  File "E:\python36\lib\site-packages\urllib3\contrib\pyopenssl.py", line 441, in wrap_socket
    cnx.do_handshake()
  File "E:\python36\lib\site-packages\OpenSSL\SSL.py", line 1806, in do_handshake
    self._raise_ssl_error(self._ssl, result)
  File "E:\python36\lib\site-packages\OpenSSL\SSL.py", line 1546, in _raise_ssl_error
    _raise_current_error()
  File "E:\python36\lib\site-packages\OpenSSL\_util.py", line 54, in exception_from_error_queue
    raise exception_type(errors)
OpenSSL.SSL.Error: [('SSL routines', 'tls_process_server_certificate', 'certificate verify failed')]

During handling of the above exception, another exception occurred:

Traceback (most recent call last):
  File "E:\python36\lib\site-packages\urllib3\connectionpool.py", line 601, in urlopen
    chunked=chunked)
  File "E:\python36\lib\site-packages\urllib3\connectionpool.py", line 346, in _make_request
    self._validate_conn(conn)
  File "E:\python36\lib\site-packages\urllib3\connectionpool.py", line 850, in _validate_conn
    conn.connect()
  File "E:\python36\lib\site-packages\urllib3\connection.py", line 326, in connect
    ssl_context=context)
  File "E:\python36\lib\site-packages\urllib3\util\ssl_.py", line 329, in ssl_wrap_socket
    return context.wrap_socket(sock, server_hostname=server_hostname)
  File "E:\python36\lib\site-packages\urllib3\contrib\pyopenssl.py", line 448, in wrap_socket
    raise ssl.SSLError('bad handshake: %r' % e)
ssl.SSLError: ("bad handshake: Error([('SSL routines', 'tls_process_server_certificate', 'certificate verify failed')],)",)

During handling of the above exception, another exception occurred:

Traceback (most recent call last):
  File "E:\python36\lib\site-packages\requests\adapters.py", line 440, in send
    timeout=timeout
  File "E:\python36\lib\site-packages\urllib3\connectionpool.py", line 639, in urlopen
    _stacktrace=sys.exc_info()[2])
  File "E:\python36\lib\site-packages\urllib3\util\retry.py", line 388, in increment
    raise MaxRetryError(_pool, url, error or ResponseError(cause))
urllib3.exceptions.MaxRetryError: HTTPSConnectionPool(host='www.lagou.com', port=443): Max retries exceeded with url: /jobs/positionAjax.json?needAddtionalResult=false (Caused by SSLError(SSLError("bad handshake: Error([('SSL routines', 'tls_process_server_certificate', 'certificate verify failed')],)",),))

During handling of the above exception, another exception occurred:

Traceback (most recent call last):
  File ".\Lagou_Main.py", line 64, in crawl_jobs
    response = requests.post(url,headers=headers,data=form_data)
  File "E:\python36\lib\site-packages\requests\api.py", line 112, in post
    return request('post', url, data=data, json=json, **kwargs)
  File "E:\python36\lib\site-packages\requests\api.py", line 58, in request
    return session.request(method=method, url=url, **kwargs)
  File "E:\python36\lib\site-packages\requests\sessions.py", line 508, in request
    resp = self.send(prep, **send_kwargs)
  File "E:\python36\lib\site-packages\requests\sessions.py", line 618, in send
    r = adapter.send(request, **kwargs)
  File "E:\python36\lib\site-packages\requests\adapters.py", line 506, in send
    raise SSLError(e, request=request)
requests.exceptions.SSLError: HTTPSConnectionPool(host='www.lagou.com', port=443): Max retries exceeded with url: /jobs/positionAjax.json?needAddtionalResult=false (Caused by SSLError(SSLError("bad handshake: Error([('SSL routines', 'tls_process_server_certificate', 'certificate verify failed')],)",),))

2018-05-01 20:30:34,693 Lagou_Main.py [line:134] INFO:CSV文件创建成功，文件名路径为./data/后端开发/PHP.csv
2018-05-01 20:30:35,184 Lagou_Main.py [line:59] INFO:数据挖掘共有77页记录, 共约1155条记录
2018-05-01 20:30:36,741 Lagou_Main.py [line:90] ERROR:error in 数据挖掘 at page :4

2018-05-01 20:30:36,742 Lagou_Main.py [line:92] ERROR:Traceback (most recent call last):
  File "E:\python36\lib\site-packages\urllib3\contrib\pyopenssl.py", line 441, in wrap_socket
    cnx.do_handshake()
  File "E:\python36\lib\site-packages\OpenSSL\SSL.py", line 1806, in do_handshake
    self._raise_ssl_error(self._ssl, result)
  File "E:\python36\lib\site-packages\OpenSSL\SSL.py", line 1546, in _raise_ssl_error
    _raise_current_error()
  File "E:\python36\lib\site-packages\OpenSSL\_util.py", line 54, in exception_from_error_queue
    raise exception_type(errors)
OpenSSL.SSL.Error: [('SSL routines', 'tls_process_server_certificate', 'certificate verify failed')]

During handling of the above exception, another exception occurred:

Traceback (most recent call last):
  File "E:\python36\lib\site-packages\urllib3\connectionpool.py", line 601, in urlopen
    chunked=chunked)
  File "E:\python36\lib\site-packages\urllib3\connectionpool.py", line 346, in _make_request
    self._validate_conn(conn)
  File "E:\python36\lib\site-packages\urllib3\connectionpool.py", line 850, in _validate_conn
    conn.connect()
  File "E:\python36\lib\site-packages\urllib3\connection.py", line 326, in connect
    ssl_context=context)
  File "E:\python36\lib\site-packages\urllib3\util\ssl_.py", line 329, in ssl_wrap_socket
    return context.wrap_socket(sock, server_hostname=server_hostname)
  File "E:\python36\lib\site-packages\urllib3\contrib\pyopenssl.py", line 448, in wrap_socket
    raise ssl.SSLError('bad handshake: %r' % e)
ssl.SSLError: ("bad handshake: Error([('SSL routines', 'tls_process_server_certificate', 'certificate verify failed')],)",)

During handling of the above exception, another exception occurred:

Traceback (most recent call last):
  File "E:\python36\lib\site-packages\requests\adapters.py", line 440, in send
    timeout=timeout
  File "E:\python36\lib\site-packages\urllib3\connectionpool.py", line 639, in urlopen
    _stacktrace=sys.exc_info()[2])
  File "E:\python36\lib\site-packages\urllib3\util\retry.py", line 388, in increment
    raise MaxRetryError(_pool, url, error or ResponseError(cause))
urllib3.exceptions.MaxRetryError: HTTPSConnectionPool(host='www.lagou.com', port=443): Max retries exceeded with url: /jobs/positionAjax.json?needAddtionalResult=false (Caused by SSLError(SSLError("bad handshake: Error([('SSL routines', 'tls_process_server_certificate', 'certificate verify failed')],)",),))

During handling of the above exception, another exception occurred:

Traceback (most recent call last):
  File ".\Lagou_Main.py", line 64, in crawl_jobs
    response = requests.post(url,headers=headers,data=form_data)
  File "E:\python36\lib\site-packages\requests\api.py", line 112, in post
    return request('post', url, data=data, json=json, **kwargs)
  File "E:\python36\lib\site-packages\requests\api.py", line 58, in request
    return session.request(method=method, url=url, **kwargs)
  File "E:\python36\lib\site-packages\requests\sessions.py", line 508, in request
    resp = self.send(prep, **send_kwargs)
  File "E:\python36\lib\site-packages\requests\sessions.py", line 618, in send
    r = adapter.send(request, **kwargs)
  File "E:\python36\lib\site-packages\requests\adapters.py", line 506, in send
    raise SSLError(e, request=request)
requests.exceptions.SSLError: HTTPSConnectionPool(host='www.lagou.com', port=443): Max retries exceeded with url: /jobs/positionAjax.json?needAddtionalResult=false (Caused by SSLError(SSLError("bad handshake: Error([('SSL routines', 'tls_process_server_certificate', 'certificate verify failed')],)",),))

2018-05-01 20:30:36,750 Lagou_Main.py [line:134] INFO:CSV文件创建成功，文件名路径为./data/后端开发/数据挖掘.csv
2018-05-01 20:30:37,151 Lagou_Main.py [line:59] INFO:搜索算法共有5页记录, 共约75条记录
2018-05-01 20:30:42,592 Lagou_Main.py [line:59] INFO:PHP共有389页记录, 共约5835条记录
2018-05-01 20:33:56,966 Lagou_Main.py [line:90] ERROR:error in PHP at page :276

2018-05-01 20:33:56,993 Lagou_Main.py [line:92] ERROR:Traceback (most recent call last):
  File ".\Lagou_Main.py", line 66, in crawl_jobs
    for each_item in response.json()['content']['positionResult']['result']:#通过分析Ajax返回的JSON数据进行筛选
  File "E:\python36\lib\site-packages\requests\models.py", line 892, in json
    return complexjson.loads(self.text, **kwargs)
  File "E:\python36\lib\site-packages\simplejson\__init__.py", line 518, in loads
    return _default_decoder.decode(s)
  File "E:\python36\lib\site-packages\simplejson\decoder.py", line 370, in decode
    obj, end = self.raw_decode(s)
  File "E:\python36\lib\site-packages\simplejson\decoder.py", line 400, in raw_decode
    return self.scan_once(s, idx=_w(s, idx).end())
simplejson.errors.JSONDecodeError: Expecting value: line 1 column 1 (char 0)

2018-05-01 20:33:57,010 Lagou_Main.py [line:134] INFO:CSV文件创建成功，文件名路径为./data/后端开发/PHP.csv
2018-05-01 20:33:57,471 Lagou_Main.py [line:59] INFO:数据挖掘共有77页记录, 共约1155条记录
2018-05-01 20:34:44,275 Lagou_Main.py [line:134] INFO:CSV文件创建成功，文件名路径为./data/后端开发/数据挖掘.csv
2018-05-01 20:34:44,746 Lagou_Main.py [line:59] INFO:搜索算法共有5页记录, 共约75条记录
2018-05-01 20:34:46,969 Lagou_Main.py [line:134] INFO:CSV文件创建成功，文件名路径为./data/后端开发/搜索算法.csv
2018-05-01 20:34:47,345 Lagou_Main.py [line:59] INFO:精准推荐共有48页记录, 共约720条记录
2018-05-01 20:35:14,403 Lagou_Main.py [line:134] INFO:CSV文件创建成功，文件名路径为./data/后端开发/精准推荐.csv
2018-05-01 20:35:14,886 Lagou_Main.py [line:59] INFO:C共有317页记录, 共约4755条记录
2018-05-01 20:37:47,746 Lagou_Main.py [line:90] ERROR:error in C at page :230

2018-05-01 20:37:47,747 Lagou_Main.py [line:92] ERROR:Traceback (most recent call last):
  File ".\Lagou_Main.py", line 66, in crawl_jobs
    for each_item in response.json()['content']['positionResult']['result']:#通过分析Ajax返回的JSON数据进行筛选
  File "E:\python36\lib\site-packages\requests\models.py", line 892, in json
    return complexjson.loads(self.text, **kwargs)
  File "E:\python36\lib\site-packages\simplejson\__init__.py", line 518, in loads
    return _default_decoder.decode(s)
  File "E:\python36\lib\site-packages\simplejson\decoder.py", line 370, in decode
    obj, end = self.raw_decode(s)
  File "E:\python36\lib\site-packages\simplejson\decoder.py", line 400, in raw_decode
    return self.scan_once(s, idx=_w(s, idx).end())
simplejson.errors.JSONDecodeError: Expecting value: line 1 column 1 (char 0)

2018-05-01 20:37:47,763 Lagou_Main.py [line:134] INFO:CSV文件创建成功，文件名路径为./data/后端开发/C.csv
2018-05-01 20:37:48,154 Lagou_Main.py [line:59] INFO:C#共有53页记录, 共约795条记录
2018-05-01 20:37:56,113 Lagou_Main.py [line:90] ERROR:error in C# at page :16

2018-05-01 20:37:56,114 Lagou_Main.py [line:92] ERROR:Traceback (most recent call last):
  File ".\Lagou_Main.py", line 66, in crawl_jobs
    for each_item in response.json()['content']['positionResult']['result']:#通过分析Ajax返回的JSON数据进行筛选
  File "E:\python36\lib\site-packages\requests\models.py", line 892, in json
    return complexjson.loads(self.text, **kwargs)
  File "E:\python36\lib\site-packages\simplejson\__init__.py", line 518, in loads
    return _default_decoder.decode(s)
  File "E:\python36\lib\site-packages\simplejson\decoder.py", line 370, in decode
    obj, end = self.raw_decode(s)
  File "E:\python36\lib\site-packages\simplejson\decoder.py", line 400, in raw_decode
    return self.scan_once(s, idx=_w(s, idx).end())
simplejson.errors.JSONDecodeError: Expecting value: line 1 column 1 (char 0)

2018-05-01 20:37:56,120 Lagou_Main.py [line:134] INFO:CSV文件创建成功，文件名路径为./data/后端开发/C#.csv
2018-05-01 20:37:56,563 Lagou_Main.py [line:59] INFO:全栈工程师共有11页记录, 共约165条记录
2018-05-01 20:38:01,871 Lagou_Main.py [line:134] INFO:CSV文件创建成功，文件名路径为./data/后端开发/全栈工程师.csv
2018-05-01 20:38:02,296 Lagou_Main.py [line:59] INFO:.NET共有170页记录, 共约2550条记录
2018-05-01 20:40:29,056 Lagou_Main.py [line:134] INFO:CSV文件创建成功，文件名路径为./data/后端开发/.NET.csv
2018-05-01 20:40:29,557 Lagou_Main.py [line:59] INFO:Hadoop共有15页记录, 共约225条记录
2018-05-01 20:40:39,111 Lagou_Main.py [line:134] INFO:CSV文件创建成功，文件名路径为./data/后端开发/Hadoop.csv
2018-05-01 20:40:39,652 Lagou_Main.py [line:59] INFO:Python共有114页记录, 共约1710条记录
2018-05-01 20:41:15,355 Lagou_Main.py [line:90] ERROR:error in Python at page :43

2018-05-01 20:41:15,356 Lagou_Main.py [line:92] ERROR:Traceback (most recent call last):
  File ".\Lagou_Main.py", line 66, in crawl_jobs
    for each_item in response.json()['content']['positionResult']['result']:#通过分析Ajax返回的JSON数据进行筛选
  File "E:\python36\lib\site-packages\requests\models.py", line 892, in json
    return complexjson.loads(self.text, **kwargs)
  File "E:\python36\lib\site-packages\simplejson\__init__.py", line 518, in loads
    return _default_decoder.decode(s)
  File "E:\python36\lib\site-packages\simplejson\decoder.py", line 370, in decode
    obj, end = self.raw_decode(s)
  File "E:\python36\lib\site-packages\simplejson\decoder.py", line 400, in raw_decode
    return self.scan_once(s, idx=_w(s, idx).end())
simplejson.errors.JSONDecodeError: Expecting value: line 1 column 1 (char 0)

2018-05-01 20:41:15,363 Lagou_Main.py [line:134] INFO:CSV文件创建成功，文件名路径为./data/后端开发/Python.csv
2018-05-01 20:41:15,831 Lagou_Main.py [line:59] INFO:Delphi共有3页记录, 共约45条记录
2018-05-01 20:41:17,424 Lagou_Main.py [line:134] INFO:CSV文件创建成功，文件名路径为./data/后端开发/Delphi.csv
2018-05-01 20:41:17,954 Lagou_Main.py [line:59] INFO:VB共有1页记录, 共约15条记录
2018-05-01 20:41:19,853 Lagou_Main.py [line:134] INFO:CSV文件创建成功，文件名路径为./data/后端开发/VB.csv
2018-05-01 20:41:20,513 Lagou_Main.py [line:59] INFO:Perl共有1页记录, 共约15条记录
2018-05-01 20:41:20,806 Lagou_Main.py [line:134] INFO:CSV文件创建成功，文件名路径为./data/后端开发/Perl.csv
2018-05-01 20:41:21,261 Lagou_Main.py [line:59] INFO:Ruby共有9页记录, 共约135条记录
2018-05-01 20:41:27,035 Lagou_Main.py [line:134] INFO:CSV文件创建成功，文件名路径为./data/后端开发/Ruby.csv
2018-05-01 20:41:27,562 Lagou_Main.py [line:59] INFO:Node.js共有30页记录, 共约450条记录
2018-05-01 20:41:49,689 Lagou_Main.py [line:90] ERROR:error in Node.js at page :30

2018-05-01 20:41:49,691 Lagou_Main.py [line:92] ERROR:Traceback (most recent call last):
  File ".\Lagou_Main.py", line 66, in crawl_jobs
    for each_item in response.json()['content']['positionResult']['result']:#通过分析Ajax返回的JSON数据进行筛选
  File "E:\python36\lib\site-packages\requests\models.py", line 892, in json
    return complexjson.loads(self.text, **kwargs)
  File "E:\python36\lib\site-packages\simplejson\__init__.py", line 518, in loads
    return _default_decoder.decode(s)
  File "E:\python36\lib\site-packages\simplejson\decoder.py", line 370, in decode
    obj, end = self.raw_decode(s)
  File "E:\python36\lib\site-packages\simplejson\decoder.py", line 400, in raw_decode
    return self.scan_once(s, idx=_w(s, idx).end())
simplejson.errors.JSONDecodeError: Expecting value: line 1 column 1 (char 0)

2018-05-01 20:41:49,700 Lagou_Main.py [line:134] INFO:CSV文件创建成功，文件名路径为./data/后端开发/Node.js.csv
2018-05-01 20:41:50,163 Lagou_Main.py [line:59] INFO:Go共有56页记录, 共约840条记录
2018-05-01 20:42:21,663 Lagou_Main.py [line:134] INFO:CSV文件创建成功，文件名路径为./data/后端开发/Go.csv
2018-05-01 20:42:22,036 Lagou_Main.py [line:59] INFO:ASP共有13页记录, 共约195条记录
2018-05-01 20:42:27,803 Lagou_Main.py [line:134] INFO:CSV文件创建成功，文件名路径为./data/后端开发/ASP.csv
2018-05-01 20:42:28,021 Lagou_Main.py [line:59] INFO:Shell共有1页记录, 共约15条记录
2018-05-01 20:42:28,245 Lagou_Main.py [line:134] INFO:CSV文件创建成功，文件名路径为./data/后端开发/Shell.csv
2018-05-01 20:42:28,853 Lagou_Main.py [line:59] INFO:区块链共有66页记录, 共约990条记录
2018-05-01 20:43:14,348 Lagou_Main.py [line:134] INFO:CSV文件创建成功，文件名路径为./data/后端开发/区块链.csv
2018-05-01 20:43:14,803 Lagou_Main.py [line:59] INFO:后端开发其它共有155页记录, 共约2325条记录
2018-05-01 20:45:13,179 Lagou_Main.py [line:134] INFO:CSV文件创建成功，文件名路径为./data/后端开发/后端开发其它.csv
2018-05-01 20:45:13,744 Lagou_Main.py [line:59] INFO:测试工程师共有685页记录, 共约10275条记录
2018-05-01 20:51:47,827 Lagou_Main.py [line:134] INFO:CSV文件创建成功，文件名路径为./data/测试/测试工程师.csv
2018-05-01 20:51:48,266 Lagou_Main.py [line:59] INFO:自动化测试共有34页记录, 共约510条记录
2018-05-01 20:52:07,296 Lagou_Main.py [line:134] INFO:CSV文件创建成功，文件名路径为./data/测试/自动化测试.csv
2018-05-01 20:52:07,691 Lagou_Main.py [line:59] INFO:功能测试共有10页记录, 共约150条记录
2018-05-01 20:52:12,786 Lagou_Main.py [line:134] INFO:CSV文件创建成功，文件名路径为./data/测试/功能测试.csv
2018-05-01 20:52:13,229 Lagou_Main.py [line:59] INFO:性能测试共有15页记录, 共约225条记录
2018-05-01 20:52:19,772 Lagou_Main.py [line:134] INFO:CSV文件创建成功，文件名路径为./data/测试/性能测试.csv
2018-05-01 20:52:20,312 Lagou_Main.py [line:59] INFO:测试开发共有72页记录, 共约1080条记录
2018-05-01 20:52:38,034 Lagou_Main.py [line:90] ERROR:error in 测试开发 at page :33

2018-05-01 20:52:38,035 Lagou_Main.py [line:92] ERROR:Traceback (most recent call last):
  File ".\Lagou_Main.py", line 66, in crawl_jobs
    for each_item in response.json()['content']['positionResult']['result']:#通过分析Ajax返回的JSON数据进行筛选
  File "E:\python36\lib\site-packages\requests\models.py", line 892, in json
    return complexjson.loads(self.text, **kwargs)
  File "E:\python36\lib\site-packages\simplejson\__init__.py", line 518, in loads
    return _default_decoder.decode(s)
  File "E:\python36\lib\site-packages\simplejson\decoder.py", line 370, in decode
    obj, end = self.raw_decode(s)
  File "E:\python36\lib\site-packages\simplejson\decoder.py", line 400, in raw_decode
    return self.scan_once(s, idx=_w(s, idx).end())
simplejson.errors.JSONDecodeError: Expecting value: line 1 column 1 (char 0)

2018-05-01 20:52:38,044 Lagou_Main.py [line:134] INFO:CSV文件创建成功，文件名路径为./data/测试/测试开发.csv
2018-05-01 20:52:38,553 Lagou_Main.py [line:59] INFO:游戏测试共有25页记录, 共约375条记录
2018-05-01 20:52:52,080 Lagou_Main.py [line:134] INFO:CSV文件创建成功，文件名路径为./data/测试/游戏测试.csv
2018-05-01 20:52:52,955 Lagou_Main.py [line:59] INFO:白盒测试共有686页记录, 共约10290条记录
2018-05-01 20:56:07,793 Lagou_Main.py [line:90] ERROR:error in 白盒测试 at page :260

2018-05-01 20:56:07,795 Lagou_Main.py [line:92] ERROR:Traceback (most recent call last):
  File ".\Lagou_Main.py", line 66, in crawl_jobs
    for each_item in response.json()['content']['positionResult']['result']:#通过分析Ajax返回的JSON数据进行筛选
  File "E:\python36\lib\site-packages\requests\models.py", line 892, in json
    return complexjson.loads(self.text, **kwargs)
  File "E:\python36\lib\site-packages\simplejson\__init__.py", line 518, in loads
    return _default_decoder.decode(s)
  File "E:\python36\lib\site-packages\simplejson\decoder.py", line 370, in decode
    obj, end = self.raw_decode(s)
  File "E:\python36\lib\site-packages\simplejson\decoder.py", line 400, in raw_decode
    return self.scan_once(s, idx=_w(s, idx).end())
simplejson.errors.JSONDecodeError: Expecting value: line 1 column 1 (char 0)

2018-05-01 20:56:07,805 Lagou_Main.py [line:134] INFO:CSV文件创建成功，文件名路径为./data/测试/白盒测试.csv
2018-05-01 20:56:11,060 Lagou_Main.py [line:59] INFO:灰盒测试共有1页记录, 共约15条记录
2018-05-01 20:56:11,322 Lagou_Main.py [line:134] INFO:CSV文件创建成功，文件名路径为./data/测试/灰盒测试.csv
2018-05-01 20:56:11,699 Lagou_Main.py [line:59] INFO:黑盒测试共有2页记录, 共约30条记录
2018-05-01 20:56:12,483 Lagou_Main.py [line:134] INFO:CSV文件创建成功，文件名路径为./data/测试/黑盒测试.csv
2018-05-01 20:56:12,853 Lagou_Main.py [line:59] INFO:手机测试共有1页记录, 共约15条记录
2018-05-01 20:56:13,931 Lagou_Main.py [line:134] INFO:CSV文件创建成功，文件名路径为./data/测试/手机测试.csv
2018-05-01 20:56:14,901 Lagou_Main.py [line:59] INFO:硬件测试共有8页记录, 共约120条记录
2018-05-01 20:56:21,153 Lagou_Main.py [line:134] INFO:CSV文件创建成功，文件名路径为./data/测试/硬件测试.csv
2018-05-01 20:56:24,598 Lagou_Main.py [line:59] INFO:测试经理共有685页记录, 共约10275条记录
2018-05-01 21:00:06,634 Lagou_Main.py [line:90] ERROR:error in 测试经理 at page :284

2018-05-01 21:00:06,635 Lagou_Main.py [line:92] ERROR:Traceback (most recent call last):
  File ".\Lagou_Main.py", line 66, in crawl_jobs
    for each_item in response.json()['content']['positionResult']['result']:#通过分析Ajax返回的JSON数据进行筛选
  File "E:\python36\lib\site-packages\requests\models.py", line 892, in json
    return complexjson.loads(self.text, **kwargs)
  File "E:\python36\lib\site-packages\simplejson\__init__.py", line 518, in loads
    return _default_decoder.decode(s)
  File "E:\python36\lib\site-packages\simplejson\decoder.py", line 370, in decode
    obj, end = self.raw_decode(s)
  File "E:\python36\lib\site-packages\simplejson\decoder.py", line 400, in raw_decode
    return self.scan_once(s, idx=_w(s, idx).end())
simplejson.errors.JSONDecodeError: Expecting value: line 1 column 1 (char 0)

2018-05-01 21:00:06,650 Lagou_Main.py [line:134] INFO:CSV文件创建成功，文件名路径为./data/测试/测试经理.csv
2018-05-01 21:00:07,769 Lagou_Main.py [line:59] INFO:测试其它共有686页记录, 共约10290条记录
2018-05-01 21:00:47,093 Lagou_Main.py [line:90] ERROR:error in 测试其它 at page :52

2018-05-01 21:00:47,181 Lagou_Main.py [line:92] ERROR:Traceback (most recent call last):
  File ".\Lagou_Main.py", line 66, in crawl_jobs
    for each_item in response.json()['content']['positionResult']['result']:#通过分析Ajax返回的JSON数据进行筛选
  File "E:\python36\lib\site-packages\requests\models.py", line 892, in json
    return complexjson.loads(self.text, **kwargs)
  File "E:\python36\lib\site-packages\simplejson\__init__.py", line 518, in loads
    return _default_decoder.decode(s)
  File "E:\python36\lib\site-packages\simplejson\decoder.py", line 370, in decode
    obj, end = self.raw_decode(s)
  File "E:\python36\lib\site-packages\simplejson\decoder.py", line 400, in raw_decode
    return self.scan_once(s, idx=_w(s, idx).end())
simplejson.errors.JSONDecodeError: Expecting value: line 1 column 1 (char 0)

2018-05-01 21:00:47,240 Lagou_Main.py [line:134] INFO:CSV文件创建成功，文件名路径为./data/测试/测试其它.csv
2018-05-01 21:00:48,173 Lagou_Main.py [line:59] INFO:运维工程师共有239页记录, 共约3585条记录
2018-05-01 21:03:04,901 Lagou_Main.py [line:90] ERROR:error in 运维工程师 at page :203

2018-05-01 21:03:04,902 Lagou_Main.py [line:92] ERROR:Traceback (most recent call last):
  File ".\Lagou_Main.py", line 66, in crawl_jobs
    for each_item in response.json()['content']['positionResult']['result']:#通过分析Ajax返回的JSON数据进行筛选
  File "E:\python36\lib\site-packages\requests\models.py", line 892, in json
    return complexjson.loads(self.text, **kwargs)
  File "E:\python36\lib\site-packages\simplejson\__init__.py", line 518, in loads
    return _default_decoder.decode(s)
  File "E:\python36\lib\site-packages\simplejson\decoder.py", line 370, in decode
    obj, end = self.raw_decode(s)
  File "E:\python36\lib\site-packages\simplejson\decoder.py", line 400, in raw_decode
    return self.scan_once(s, idx=_w(s, idx).end())
simplejson.errors.JSONDecodeError: Expecting value: line 1 column 1 (char 0)

2018-05-01 21:03:04,912 Lagou_Main.py [line:134] INFO:CSV文件创建成功，文件名路径为./data/运维/运维工程师.csv
2018-05-01 21:03:05,310 Lagou_Main.py [line:59] INFO:运维开发工程师共有43页记录, 共约645条记录
2018-05-01 21:03:28,496 Lagou_Main.py [line:134] INFO:CSV文件创建成功，文件名路径为./data/运维/运维开发工程师.csv
2018-05-01 21:03:28,984 Lagou_Main.py [line:59] INFO:网络工程师共有285页记录, 共约4275条记录
2018-05-01 21:06:54,617 Lagou_Main.py [line:134] INFO:CSV文件创建成功，文件名路径为./data/运维/网络工程师.csv
2018-05-01 21:06:55,167 Lagou_Main.py [line:59] INFO:系统工程师共有38页记录, 共约570条记录
2018-05-01 21:07:27,418 Lagou_Main.py [line:134] INFO:CSV文件创建成功，文件名路径为./data/运维/系统工程师.csv
2018-05-01 21:07:27,964 Lagou_Main.py [line:59] INFO:IT支持共有4页记录, 共约60条记录
2018-05-01 21:07:32,939 Lagou_Main.py [line:134] INFO:CSV文件创建成功，文件名路径为./data/运维/IT支持.csv
2018-05-01 21:07:33,309 Lagou_Main.py [line:59] INFO:IDC共有7页记录, 共约105条记录
2018-05-01 21:07:39,605 Lagou_Main.py [line:134] INFO:CSV文件创建成功，文件名路径为./data/运维/IDC.csv
2018-05-01 21:07:40,035 Lagou_Main.py [line:59] INFO:CDN共有6页记录, 共约90条记录
2018-05-01 21:07:44,177 Lagou_Main.py [line:134] INFO:CSV文件创建成功，文件名路径为./data/运维/CDN.csv
2018-05-01 21:07:44,384 Lagou_Main.py [line:59] INFO:F5共有1页记录, 共约15条记录
2018-05-01 21:07:44,595 Lagou_Main.py [line:134] INFO:CSV文件创建成功，文件名路径为./data/运维/F5.csv
2018-05-01 21:07:45,075 Lagou_Main.py [line:59] INFO:系统管理员共有4页记录, 共约60条记录
2018-05-01 21:07:47,601 Lagou_Main.py [line:134] INFO:CSV文件创建成功，文件名路径为./data/运维/系统管理员.csv
2018-05-01 21:07:47,901 Lagou_Main.py [line:59] INFO:病毒分析共有1页记录, 共约15条记录
2018-05-01 21:07:48,258 Lagou_Main.py [line:134] INFO:CSV文件创建成功，文件名路径为./data/运维/病毒分析.csv
2018-05-01 21:07:48,762 Lagou_Main.py [line:59] INFO:WEB安全共有2页记录, 共约30条记录
2018-05-01 21:07:52,395 Lagou_Main.py [line:134] INFO:CSV文件创建成功，文件名路径为./data/运维/WEB安全.csv
2018-05-01 21:07:53,203 Lagou_Main.py [line:59] INFO:网络安全共有11页记录, 共约165条记录
2018-05-01 21:07:57,980 Lagou_Main.py [line:134] INFO:CSV文件创建成功，文件名路径为./data/运维/网络安全.csv
2018-05-01 21:07:58,341 Lagou_Main.py [line:59] INFO:系统安全共有4页记录, 共约60条记录
2018-05-01 21:07:59,872 Lagou_Main.py [line:134] INFO:CSV文件创建成功，文件名路径为./data/运维/系统安全.csv
2018-05-01 21:08:00,297 Lagou_Main.py [line:59] INFO:运维经理共有9页记录, 共约135条记录
2018-05-01 21:08:04,911 Lagou_Main.py [line:134] INFO:CSV文件创建成功，文件名路径为./data/运维/运维经理.csv
2018-05-01 21:08:05,326 Lagou_Main.py [line:59] INFO:运维其它共有363页记录, 共约5445条记录
2018-05-01 21:08:56,204 Lagou_Main.py [line:90] ERROR:error in 运维其它 at page :66

2018-05-01 21:08:56,206 Lagou_Main.py [line:92] ERROR:Traceback (most recent call last):
  File ".\Lagou_Main.py", line 66, in crawl_jobs
    for each_item in response.json()['content']['positionResult']['result']:#通过分析Ajax返回的JSON数据进行筛选
  File "E:\python36\lib\site-packages\requests\models.py", line 892, in json
    return complexjson.loads(self.text, **kwargs)
  File "E:\python36\lib\site-packages\simplejson\__init__.py", line 518, in loads
    return _default_decoder.decode(s)
  File "E:\python36\lib\site-packages\simplejson\decoder.py", line 370, in decode
    obj, end = self.raw_decode(s)
  File "E:\python36\lib\site-packages\simplejson\decoder.py", line 400, in raw_decode
    return self.scan_once(s, idx=_w(s, idx).end())
simplejson.errors.JSONDecodeError: Expecting value: line 1 column 1 (char 0)

2018-05-01 21:08:56,212 Lagou_Main.py [line:134] INFO:CSV文件创建成功，文件名路径为./data/运维/运维其它.csv
2018-05-01 21:08:56,927 Lagou_Main.py [line:59] INFO:MySQL共有11页记录, 共约165条记录
2018-05-01 21:09:01,492 Lagou_Main.py [line:134] INFO:CSV文件创建成功，文件名路径为./data/DBA/MySQL.csv
2018-05-01 21:09:01,870 Lagou_Main.py [line:59] INFO:SQLServer共有1页记录, 共约15条记录
2018-05-01 21:09:02,170 Lagou_Main.py [line:134] INFO:CSV文件创建成功，文件名路径为./data/DBA/SQLServer.csv
2018-05-01 21:09:02,684 Lagou_Main.py [line:59] INFO:Oracle共有8页记录, 共约120条记录
2018-05-01 21:09:07,760 Lagou_Main.py [line:134] INFO:CSV文件创建成功，文件名路径为./data/DBA/Oracle.csv
2018-05-01 21:09:08,916 Lagou_Main.py [line:59] INFO:DB2共有1页记录, 共约15条记录
2018-05-01 21:09:09,590 Lagou_Main.py [line:134] INFO:CSV文件创建成功，文件名路径为./data/DBA/DB2.csv
2018-05-01 21:09:12,854 Lagou_Main.py [line:59] INFO:MongoDB共有1页记录, 共约15条记录
2018-05-01 21:09:13,180 Lagou_Main.py [line:134] INFO:CSV文件创建成功，文件名路径为./data/DBA/MongoDB.csv
2018-05-01 21:09:14,088 Lagou_Main.py [line:59] INFO:ETL共有21页记录, 共约315条记录
2018-05-01 21:09:20,439 Lagou_Main.py [line:90] ERROR:error in ETL at page :11

2018-05-01 21:09:20,440 Lagou_Main.py [line:92] ERROR:Traceback (most recent call last):
  File ".\Lagou_Main.py", line 66, in crawl_jobs
    for each_item in response.json()['content']['positionResult']['result']:#通过分析Ajax返回的JSON数据进行筛选
  File "E:\python36\lib\site-packages\requests\models.py", line 892, in json
    return complexjson.loads(self.text, **kwargs)
  File "E:\python36\lib\site-packages\simplejson\__init__.py", line 518, in loads
    return _default_decoder.decode(s)
  File "E:\python36\lib\site-packages\simplejson\decoder.py", line 370, in decode
    obj, end = self.raw_decode(s)
  File "E:\python36\lib\site-packages\simplejson\decoder.py", line 400, in raw_decode
    return self.scan_once(s, idx=_w(s, idx).end())
simplejson.errors.JSONDecodeError: Expecting value: line 1 column 1 (char 0)

2018-05-01 21:09:20,447 Lagou_Main.py [line:134] INFO:CSV文件创建成功，文件名路径为./data/DBA/ETL.csv
2018-05-01 21:09:20,877 Lagou_Main.py [line:59] INFO:Hive共有1页记录, 共约15条记录
2018-05-01 21:09:21,306 Lagou_Main.py [line:134] INFO:CSV文件创建成功，文件名路径为./data/DBA/Hive.csv
2018-05-01 21:09:21,720 Lagou_Main.py [line:59] INFO:数据仓库共有27页记录, 共约405条记录
2018-05-01 21:09:24,921 Lagou_Main.py [line:90] ERROR:error in 数据仓库 at page :7

2018-05-01 21:09:24,923 Lagou_Main.py [line:92] ERROR:Traceback (most recent call last):
  File ".\Lagou_Main.py", line 66, in crawl_jobs
    for each_item in response.json()['content']['positionResult']['result']:#通过分析Ajax返回的JSON数据进行筛选
  File "E:\python36\lib\site-packages\requests\models.py", line 892, in json
    return complexjson.loads(self.text, **kwargs)
  File "E:\python36\lib\site-packages\simplejson\__init__.py", line 518, in loads
    return _default_decoder.decode(s)
  File "E:\python36\lib\site-packages\simplejson\decoder.py", line 370, in decode
    obj, end = self.raw_decode(s)
  File "E:\python36\lib\site-packages\simplejson\decoder.py", line 400, in raw_decode
    return self.scan_once(s, idx=_w(s, idx).end())
simplejson.errors.JSONDecodeError: Expecting value: line 1 column 1 (char 0)

2018-05-01 21:09:24,931 Lagou_Main.py [line:134] INFO:CSV文件创建成功，文件名路径为./data/DBA/数据仓库.csv
2018-05-01 21:09:25,373 Lagou_Main.py [line:59] INFO:DBA其它共有47页记录, 共约705条记录
2018-05-01 21:09:37,666 Lagou_Main.py [line:90] ERROR:error in DBA其它 at page :22

2018-05-01 21:09:37,667 Lagou_Main.py [line:92] ERROR:Traceback (most recent call last):
  File ".\Lagou_Main.py", line 66, in crawl_jobs
    for each_item in response.json()['content']['positionResult']['result']:#通过分析Ajax返回的JSON数据进行筛选
  File "E:\python36\lib\site-packages\requests\models.py", line 892, in json
    return complexjson.loads(self.text, **kwargs)
  File "E:\python36\lib\site-packages\simplejson\__init__.py", line 518, in loads
    return _default_decoder.decode(s)
  File "E:\python36\lib\site-packages\simplejson\decoder.py", line 370, in decode
    obj, end = self.raw_decode(s)
  File "E:\python36\lib\site-packages\simplejson\decoder.py", line 400, in raw_decode
    return self.scan_once(s, idx=_w(s, idx).end())
simplejson.errors.JSONDecodeError: Expecting value: line 1 column 1 (char 0)

2018-05-01 21:09:37,673 Lagou_Main.py [line:134] INFO:CSV文件创建成功，文件名路径为./data/DBA/DBA其它.csv
2018-05-01 21:09:38,091 Lagou_Main.py [line:59] INFO:实施工程师共有119页记录, 共约1785条记录
2018-05-01 21:10:59,561 Lagou_Main.py [line:134] INFO:CSV文件创建成功，文件名路径为./data/企业软件/实施工程师.csv
2018-05-01 21:11:00,517 Lagou_Main.py [line:59] INFO:售前工程师共有126页记录, 共约1890条记录
2018-05-01 21:11:50,790 Lagou_Main.py [line:90] ERROR:error in 售前工程师 at page :68

2018-05-01 21:11:50,791 Lagou_Main.py [line:92] ERROR:Traceback (most recent call last):
  File ".\Lagou_Main.py", line 66, in crawl_jobs
    for each_item in response.json()['content']['positionResult']['result']:#通过分析Ajax返回的JSON数据进行筛选
  File "E:\python36\lib\site-packages\requests\models.py", line 892, in json
    return complexjson.loads(self.text, **kwargs)
  File "E:\python36\lib\site-packages\simplejson\__init__.py", line 518, in loads
    return _default_decoder.decode(s)
  File "E:\python36\lib\site-packages\simplejson\decoder.py", line 370, in decode
    obj, end = self.raw_decode(s)
  File "E:\python36\lib\site-packages\simplejson\decoder.py", line 400, in raw_decode
    return self.scan_once(s, idx=_w(s, idx).end())
simplejson.errors.JSONDecodeError: Expecting value: line 1 column 1 (char 0)

2018-05-01 21:11:50,801 Lagou_Main.py [line:134] INFO:CSV文件创建成功，文件名路径为./data/企业软件/售前工程师.csv
2018-05-01 21:11:51,194 Lagou_Main.py [line:59] INFO:售后工程师共有77页记录, 共约1155条记录
2018-05-01 21:12:41,942 Lagou_Main.py [line:134] INFO:CSV文件创建成功，文件名路径为./data/企业软件/售后工程师.csv
2018-05-01 21:12:42,359 Lagou_Main.py [line:59] INFO:BI工程师共有36页记录, 共约540条记录
2018-05-01 21:13:00,644 Lagou_Main.py [line:134] INFO:CSV文件创建成功，文件名路径为./data/企业软件/BI工程师.csv
2018-05-01 21:13:00,891 Lagou_Main.py [line:59] INFO:企业软件其它共有1页记录, 共约15条记录
2018-05-01 21:13:01,154 Lagou_Main.py [line:134] INFO:CSV文件创建成功，文件名路径为./data/企业软件/企业软件其它.csv
2018-05-01 21:13:01,155 Lagou_Main.py [line:181] INFO:爬取任务完成！
